<?xml version="1.0" encoding="UTF-8"?>
<!-- Generated by org.testng.reporters.JUnitReportReporter -->
<testsuite skipped="0" hostname="SAG-8JC82X2" name="mavenpackage.APITest" tests="3" failures="0" timestamp="2022-04-04T17:15:42 IST" time="0.010" errors="0">
  <testcase name="hello2" time="0.001" classname="mavenpackage.APITest"/>
  <system-out/>
  <testcase name="hello1" time="0.008" classname="mavenpackage.APITest"/>
  <system-out/>
  <testcase name="hello3" time="0.001" classname="mavenpackage.APITest"/>
  <system-out/>
</testsuite> <!-- mavenpackage.APITest -->
