<?xml version="1.0" encoding="UTF-8"?>
<!-- Generated by org.testng.reporters.JUnitReportReporter -->
<testsuite skipped="0" hostname="SAG-8JC82X2" name="mavenpackage.AppiumTest" tests="3" failures="0" timestamp="2022-04-04T17:15:42 IST" time="0.009" errors="0">
  <testcase name="hello2" time="0.002" classname="mavenpackage.AppiumTest"/>
  <system-out/>
  <testcase name="hello1" time="0.006" classname="mavenpackage.AppiumTest"/>
  <system-out/>
  <testcase name="hello3" time="0.001" classname="mavenpackage.AppiumTest"/>
  <system-out/>
</testsuite> <!-- mavenpackage.AppiumTest -->
