<?xml version="1.0" encoding="UTF-8"?>
<!-- Generated by org.testng.reporters.JUnitReportReporter -->
<testsuite hostname="SAG-8JC82X2" failures="0" tests="3" name="mavenpackage.AppiumTest" time="0.001" errors="0" timestamp="2022-04-04T17:18:55 IST" skipped="0">
  <testcase classname="mavenpackage.AppiumTest" name="hello1" time="0.001"/>
  <system-out/>
  <testcase classname="mavenpackage.AppiumTest" name="hello2" time="0.000"/>
  <system-out/>
  <testcase classname="mavenpackage.AppiumTest" name="hello3" time="0.000"/>
  <system-out/>
</testsuite> <!-- mavenpackage.AppiumTest -->
