<?xml version="1.0" encoding="UTF-8"?>
<!-- Generated by org.testng.reporters.JUnitReportReporter -->
<testsuite hostname="BYOD-NIVA" failures="0" tests="3" name="mavenpackage.APITest" time="0.018" errors="0" timestamp="2022-04-05T20:40:20 IST" skipped="0">
  <testcase classname="mavenpackage.APITest" name="hello3" time="0.000"/>
  <system-out/>
  <testcase classname="mavenpackage.APITest" name="hello2" time="0.001"/>
  <system-out/>
  <testcase classname="mavenpackage.APITest" name="hello1" time="0.017"/>
  <system-out/>
</testsuite> <!-- mavenpackage.APITest -->
